<?xml version="1.0" encoding="UTF-8"?>
<testng-results ignored="0" total="1" passed="1" failed="0" skipped="0">
  <reporter-output>
  </reporter-output>
  <suite started-at="2025-05-07T21:59:13 EEST" name="Default suite" finished-at="2025-05-07T21:59:17 EEST" duration-ms="3582">
    <groups>
    </groups>
    <test started-at="2025-05-07T21:59:13 EEST" name="Default test" finished-at="2025-05-07T21:59:17 EEST" duration-ms="3582">
      <class name="selenumepackage.Autoamtinnprocikt.login_test">
        <test-method is-config="true" signature="openbrowser()[pri:0, instance:selenumepackage.Autoamtinnprocikt.login_test@54e22bdd]" started-at="2025-05-07T21:59:13 EEST" name="openbrowser" finished-at="2025-05-07T21:59:16 EEST" duration-ms="3178" status="PASS">
          <reporter-output>
          </reporter-output>
        </test-method> <!-- openbrowser -->
        <test-method signature="f()[pri:0, instance:selenumepackage.Autoamtinnprocikt.login_test@54e22bdd]" started-at="2025-05-07T21:59:16 EEST" name="f" finished-at="2025-05-07T21:59:16 EEST" duration-ms="47" status="PASS">
          <reporter-output>
          </reporter-output>
        </test-method> <!-- f -->
        <test-method is-config="true" signature="afterTest()[pri:0, instance:selenumepackage.Autoamtinnprocikt.login_test@54e22bdd]" started-at="2025-05-07T21:59:16 EEST" name="afterTest" finished-at="2025-05-07T21:59:17 EEST" duration-ms="237" status="PASS">
          <reporter-output>
          </reporter-output>
        </test-method> <!-- afterTest -->
      </class> <!-- selenumepackage.Autoamtinnprocikt.login_test -->
    </test> <!-- Default test -->
  </suite> <!-- Default suite -->
</testng-results>
